2022-03-05 16:55:58,673 DEBUG client.py Args loaded
2022-03-05 16:55:58,673 DEBUG client.py Args loaded
2022-03-05 16:55:59,251 INFO client.py Запущен клиент с параметрами: адрес сервера: 127.0.0.1 , порт: 7777, имя пользователя: test1
2022-03-05 16:55:59,251 INFO client.py Запущен клиент с параметрами: адрес сервера: 127.0.0.1 , порт: 7777, имя пользователя: test3
2022-03-05 16:55:59,251 INFO client.py Запущен клиент с параметрами: адрес сервера: 127.0.0.1 , порт: 7777, имя пользователя: test2
2022-03-05 16:55:59,673 DEBUG client.py Keys successfully loaded.
2022-03-05 16:55:59,705 DEBUG client.py Keys successfully loaded.
2022-03-05 16:55:59,720 DEBUG client.py Keys successfully loaded.
2022-03-05 16:55:59,939 INFO transport.py Попытка подключения №1
2022-03-05 16:55:59,939 DEBUG transport.py Connection established.
2022-03-05 16:55:59,939 DEBUG transport.py Starting auth dialog.
2022-03-05 16:56:00,017 INFO transport.py Попытка подключения №1
2022-03-05 16:56:00,017 DEBUG transport.py Connection established.
2022-03-05 16:56:00,017 DEBUG transport.py Starting auth dialog.
2022-03-05 16:56:00,033 INFO transport.py Попытка подключения №1
2022-03-05 16:56:00,033 DEBUG transport.py Connection established.
2022-03-05 16:56:00,033 DEBUG transport.py Starting auth dialog.
2022-03-05 16:56:00,064 DEBUG transport.py Passwd hash ready: b'49b70501d4d72ff5522a79cf779df86656a057282ac9ab564efb80fcba4fbc484bedcf52b3fb233d9b7b91337becc542ec3256a0269deddfedbce7275f44a781'
2022-03-05 16:56:00,064 DEBUG transport.py Presense message = {'action': 'presence', 'time': 1646492160.06446, 'user': {'account_name': 'test1', 'pubkey': '-----BEGIN PUBLIC KEY-----\nMIIBIjANBgkqhkiG9w0BAQEFAAOCAQ8AMIIBCgKCAQEAmKN/CFSxgU8eu0oO0oKw\n29WTZQSfqw/mJgEtr8nLUAOHGcg3kT7epUgPfwbo/V67sJlGhb/UD7dPK81utWRn\nFKhhUGuo+ad/4HnvbSQjIHy2Wbr85T4gJCL1IqTkodAgSOo4Nuv/Qq9r5po0dNIC\nF4YTZrzfCy6V0v349iXM2CXf+/14fHCxsm3OkNCUwHsOW6nzh5fIyAs1UhssJm/Z\nbCNzX5PkRjI7bwBJhoXHNgS1fDyII6vGrQAyAwxU0hKrBAtAzYIon5ZlIYxyF2/5\nKb8IVmLmnrvCpmtjTQ4u80Dp6YuErMCD82GzgUi50UdQoW617AmFxaKpvO7Lu+aA\nfwIDAQAB\n-----END PUBLIC KEY-----'}}
2022-03-05 16:56:00,080 DEBUG transport.py Passwd hash ready: b'6c95daf460f03d00239959faac8387d157dafbe382cd684426a295cd37fbcb0e4d874cae7b07017717c8acaff862f6241d4eaeea2366f6a7b5076a8c72035cd6'
2022-03-05 16:56:00,080 DEBUG transport.py Passwd hash ready: b'f44dbf0c934a47298490571c4297202a5405bb64709cb564b08d6cfc7ec4a30dd85c6abe4fba002654cc1aba28e755901d836d7b28db2eff6bdd84c006410f3b'
2022-03-05 16:56:00,080 DEBUG transport.py Presense message = {'action': 'presence', 'time': 1646492160.0800884, 'user': {'account_name': 'test2', 'pubkey': '-----BEGIN PUBLIC KEY-----\nMIIBIjANBgkqhkiG9w0BAQEFAAOCAQ8AMIIBCgKCAQEAtrfkZ/5Xtj72x44QP9b5\neTenYYlSJkkb6X+jL4pqATUwGcvvcxBDtRrR0j1VZzhdlUvetoA3MvecULu3jTvg\nRhcrRHQRIzgMSjNV9ZGFBqhZvQmwGJEDI72dAjLyb1e5t1fT45o2DRfA+Zgxt+N0\ntTIgV7xIQiJrkGkaTje1oXqa9a1MH3o2bMLyrnfv2FE3SKdEQK5GUy+ec0P42QUx\njQ4GG2tEVYHJHS8tiQ+Rwz2Qcubs2YeqmLiUP6ZNdRLEZxn4YN0YNsTPEYzre2qo\n/nAAuWSixjOzt8OQQoSlOjL+VcDZBTitNSmnCMtjcVeTj36J5jUsc3onQofaWf1M\npQIDAQAB\n-----END PUBLIC KEY-----'}}
2022-03-05 16:56:00,080 DEBUG transport.py Presense message = {'action': 'presence', 'time': 1646492160.0800884, 'user': {'account_name': 'test3', 'pubkey': '-----BEGIN PUBLIC KEY-----\nMIIBIjANBgkqhkiG9w0BAQEFAAOCAQ8AMIIBCgKCAQEAlfWoXcHO64VeAGbVVKEb\ngFfLGpzJuPQbFuRmYYh3BQdUZYFS0J+6S/TeYnzH8t8tE499bvfoBTRaSKqRMK10\nmLYXbv5JWg0hZ37qLN2vNmAgAaJAh8qBNcHTo2ubJJM3rEf/ceXDfzCfjbjJKZ7I\nTIsVtvT77a0VN7OMM2LJ0cSvC32NjGOo+PP0Pa196hVtBKNqof+IcON1wSiY7vQX\ndHv/gKwzkaeBgWydh8bX3ANn/lY7RRezyJGPGEBnbAlU6FOXdsjRYlor29zlD736\nBs8o6b/savu6KJG2kuJk8aDEOIHDxrUWBlo5E1qI6aYvGik9qXV7170S+0b2Fg6H\n3QIDAQAB\n-----END PUBLIC KEY-----'}}
2022-03-05 16:56:00,564 DEBUG transport.py Server response = {'response': 511, 'bin': 'b118c1529c5385e7525ff0a8dcef39a3e387d01e6756f291c4245629cf9dbd1dcadb86569b2927d9e8e8d94471325c39b8079be52ea142ec0e9c9807c3aea22a'}.
2022-03-05 16:56:00,564 DEBUG transport.py Разбор сообщения от сервера: {'response': 200}
2022-03-05 16:56:00,564 DEBUG transport.py Запрос списка известных пользователей test2
2022-03-05 16:56:00,689 DEBUG transport.py Server response = {'response': 511, 'bin': '3c401f3eb8844cc6b6a81f8968c26a46988b626b808608bc257471525cb5a0a45b1c3a5a9bfc18519b18e4a1c6971546e9d91b49a918920abd2536663815c8ce'}.
2022-03-05 16:56:00,689 DEBUG transport.py Разбор сообщения от сервера: {'response': 200}
2022-03-05 16:56:00,689 DEBUG transport.py Запрос списка известных пользователей test1
2022-03-05 16:56:00,877 DEBUG transport.py Server response = {'response': 511, 'bin': '9f09e71a34b45f162ea81fcfa4a5f2b7fd943dac27a471cabb25b8f6eca497409e8ba02c77705b174a9af161c9079679b5338ef8ae5a8917100cebacdc78922a'}.
2022-03-05 16:56:00,877 DEBUG transport.py Разбор сообщения от сервера: {'response': 200}
2022-03-05 16:56:00,877 DEBUG transport.py Запрос списка известных пользователей test3
2022-03-05 16:56:05,568 ERROR transport.py Timeout соединения при обновлении списков пользователей.
2022-03-05 16:56:05,568 DEBUG client.py Transport ready.
2022-03-05 16:56:05,568 DEBUG transport.py Запущен процесс - приёмник собщений с сервера.
2022-03-05 16:56:05,693 ERROR transport.py Timeout соединения при обновлении списков пользователей.
2022-03-05 16:56:05,693 DEBUG client.py Transport ready.
2022-03-05 16:56:05,693 DEBUG transport.py Запущен процесс - приёмник собщений с сервера.
2022-03-05 16:56:05,880 ERROR transport.py Timeout соединения при обновлении списков пользователей.
2022-03-05 16:56:05,880 DEBUG client.py Transport ready.
2022-03-05 16:56:05,880 DEBUG transport.py Запущен процесс - приёмник собщений с сервера.
2022-03-05 16:56:14,287 CRITICAL transport.py Потеряно соединение с сервером.
2022-03-05 16:56:14,318 CRITICAL transport.py Потеряно соединение с сервером.
2022-03-05 16:56:14,506 CRITICAL transport.py Потеряно соединение с сервером.
2022-03-05 16:56:18,710 DEBUG transport.py Транспорт завершает работу.
2022-03-05 16:56:20,273 DEBUG transport.py Транспорт завершает работу.
2022-03-05 16:56:21,166 DEBUG transport.py Транспорт завершает работу.
2022-03-05 16:57:08,130 DEBUG client.py Args loaded
2022-03-05 16:57:08,192 DEBUG client.py Args loaded
2022-03-05 16:57:08,208 DEBUG client.py Args loaded
2022-03-05 16:57:08,614 INFO client.py Запущен клиент с параметрами: адрес сервера: 127.0.0.1 , порт: 7777, имя пользователя: test3
2022-03-05 16:57:08,630 INFO client.py Запущен клиент с параметрами: адрес сервера: 127.0.0.1 , порт: 7777, имя пользователя: test1
2022-03-05 16:57:08,630 INFO client.py Запущен клиент с параметрами: адрес сервера: 127.0.0.1 , порт: 7777, имя пользователя: test2
2022-03-05 16:57:08,802 DEBUG client.py Keys successfully loaded.
2022-03-05 16:57:08,817 DEBUG client.py Keys successfully loaded.
2022-03-05 16:57:08,833 DEBUG client.py Keys successfully loaded.
2022-03-05 16:57:09,036 INFO transport.py Попытка подключения №1
2022-03-05 16:57:09,036 DEBUG transport.py Connection established.
2022-03-05 16:57:09,036 DEBUG transport.py Starting auth dialog.
2022-03-05 16:57:09,067 DEBUG transport.py Passwd hash ready: b'6c95daf460f03d00239959faac8387d157dafbe382cd684426a295cd37fbcb0e4d874cae7b07017717c8acaff862f6241d4eaeea2366f6a7b5076a8c72035cd6'
2022-03-05 16:57:09,067 DEBUG transport.py Presense message = {'action': 'presence', 'time': 1646492229.0679936, 'user': {'account_name': 'test2', 'pubkey': '-----BEGIN PUBLIC KEY-----\nMIIBIjANBgkqhkiG9w0BAQEFAAOCAQ8AMIIBCgKCAQEAtrfkZ/5Xtj72x44QP9b5\neTenYYlSJkkb6X+jL4pqATUwGcvvcxBDtRrR0j1VZzhdlUvetoA3MvecULu3jTvg\nRhcrRHQRIzgMSjNV9ZGFBqhZvQmwGJEDI72dAjLyb1e5t1fT45o2DRfA+Zgxt+N0\ntTIgV7xIQiJrkGkaTje1oXqa9a1MH3o2bMLyrnfv2FE3SKdEQK5GUy+ec0P42QUx\njQ4GG2tEVYHJHS8tiQ+Rwz2Qcubs2YeqmLiUP6ZNdRLEZxn4YN0YNsTPEYzre2qo\n/nAAuWSixjOzt8OQQoSlOjL+VcDZBTitNSmnCMtjcVeTj36J5jUsc3onQofaWf1M\npQIDAQAB\n-----END PUBLIC KEY-----'}}
2022-03-05 16:57:09,099 INFO transport.py Попытка подключения №1
2022-03-05 16:57:09,099 DEBUG transport.py Connection established.
2022-03-05 16:57:09,099 DEBUG transport.py Starting auth dialog.
2022-03-05 16:57:09,114 INFO transport.py Попытка подключения №1
2022-03-05 16:57:09,114 DEBUG transport.py Connection established.
2022-03-05 16:57:09,114 DEBUG transport.py Starting auth dialog.
2022-03-05 16:57:09,114 DEBUG transport.py Server response = {'response': 511, 'bin': '802000e18006d616a58048b662df56312c5b944ddcfb0b2eb4b839fd1f5ac55a47d987bba7950f6ecb06e7ed8beaab13021513c860d9b0219445ca7bca91847c'}.
2022-03-05 16:57:09,114 DEBUG transport.py Разбор сообщения от сервера: {'response': 200}
2022-03-05 16:57:09,114 DEBUG transport.py Запрос списка известных пользователей test2
2022-03-05 16:57:09,130 DEBUG transport.py Passwd hash ready: b'f44dbf0c934a47298490571c4297202a5405bb64709cb564b08d6cfc7ec4a30dd85c6abe4fba002654cc1aba28e755901d836d7b28db2eff6bdd84c006410f3b'
2022-03-05 16:57:09,130 DEBUG transport.py Presense message = {'action': 'presence', 'time': 1646492229.1304948, 'user': {'account_name': 'test3', 'pubkey': '-----BEGIN PUBLIC KEY-----\nMIIBIjANBgkqhkiG9w0BAQEFAAOCAQ8AMIIBCgKCAQEAlfWoXcHO64VeAGbVVKEb\ngFfLGpzJuPQbFuRmYYh3BQdUZYFS0J+6S/TeYnzH8t8tE499bvfoBTRaSKqRMK10\nmLYXbv5JWg0hZ37qLN2vNmAgAaJAh8qBNcHTo2ubJJM3rEf/ceXDfzCfjbjJKZ7I\nTIsVtvT77a0VN7OMM2LJ0cSvC32NjGOo+PP0Pa196hVtBKNqof+IcON1wSiY7vQX\ndHv/gKwzkaeBgWydh8bX3ANn/lY7RRezyJGPGEBnbAlU6FOXdsjRYlor29zlD736\nBs8o6b/savu6KJG2kuJk8aDEOIHDxrUWBlo5E1qI6aYvGik9qXV7170S+0b2Fg6H\n3QIDAQAB\n-----END PUBLIC KEY-----'}}
2022-03-05 16:57:09,146 DEBUG transport.py Passwd hash ready: b'49b70501d4d72ff5522a79cf779df86656a057282ac9ab564efb80fcba4fbc484bedcf52b3fb233d9b7b91337becc542ec3256a0269deddfedbce7275f44a781'
2022-03-05 16:57:09,146 DEBUG transport.py Presense message = {'action': 'presence', 'time': 1646492229.1461222, 'user': {'account_name': 'test1', 'pubkey': '-----BEGIN PUBLIC KEY-----\nMIIBIjANBgkqhkiG9w0BAQEFAAOCAQ8AMIIBCgKCAQEAmKN/CFSxgU8eu0oO0oKw\n29WTZQSfqw/mJgEtr8nLUAOHGcg3kT7epUgPfwbo/V67sJlGhb/UD7dPK81utWRn\nFKhhUGuo+ad/4HnvbSQjIHy2Wbr85T4gJCL1IqTkodAgSOo4Nuv/Qq9r5po0dNIC\nF4YTZrzfCy6V0v349iXM2CXf+/14fHCxsm3OkNCUwHsOW6nzh5fIyAs1UhssJm/Z\nbCNzX5PkRjI7bwBJhoXHNgS1fDyII6vGrQAyAwxU0hKrBAtAzYIon5ZlIYxyF2/5\nKb8IVmLmnrvCpmtjTQ4u80Dp6YuErMCD82GzgUi50UdQoW617AmFxaKpvO7Lu+aA\nfwIDAQAB\n-----END PUBLIC KEY-----'}}
2022-03-05 16:57:09,239 DEBUG transport.py Server response = {'response': 511, 'bin': '64bf6ea99b3de7984b6950188dc712bf5a6fb9cc82d63682b19202abb33f2852f2e787316a1bc7cfc0f11334a40974f7573512d0623eb7e378137294655df7e1'}.
2022-03-05 16:57:09,239 DEBUG transport.py Разбор сообщения от сервера: {'response': 200}
2022-03-05 16:57:09,239 DEBUG transport.py Запрос списка известных пользователей test3
2022-03-05 16:57:09,427 DEBUG transport.py Server response = {'response': 511, 'bin': '1cb5779f5f8cba55276615e505aba4d5a3ee43752e3b9e4f00851134129d9628b029ec1311fb2cdf023e7c397981780758c81ff50622203e124c1ae28a86a294'}.
2022-03-05 16:57:09,427 DEBUG transport.py Разбор сообщения от сервера: {'response': 200}
2022-03-05 16:57:09,427 DEBUG transport.py Запрос списка известных пользователей test1
2022-03-05 16:57:09,474 DEBUG transport.py Запрос контакт листа для пользователся Thread-1
2022-03-05 16:57:09,474 DEBUG transport.py Сформирован запрос {'action': 'get_contacts', 'time': 1646492229.4742908, 'user': 'test2'}
2022-03-05 16:57:10,036 DEBUG transport.py Получен ответ {'response': 202, 'data_list': ['test1']}
2022-03-05 16:57:10,333 DEBUG client.py Transport ready.
2022-03-05 16:57:10,333 DEBUG transport.py Запущен процесс - приёмник собщений с сервера.
2022-03-05 16:57:10,411 DEBUG transport.py Запрос контакт листа для пользователся Thread-1
2022-03-05 16:57:10,411 DEBUG transport.py Сформирован запрос {'action': 'get_contacts', 'time': 1646492230.4118197, 'user': 'test3'}
2022-03-05 16:57:10,458 DEBUG transport.py Запрос контакт листа для пользователся Thread-1
2022-03-05 16:57:10,458 DEBUG transport.py Сформирован запрос {'action': 'get_contacts', 'time': 1646492230.4586895, 'user': 'test1'}
2022-03-05 16:57:10,536 DEBUG transport.py Получен ответ {'response': 202, 'data_list': ['test2']}
2022-03-05 16:57:10,536 DEBUG transport.py Получен ответ {'response': 202, 'data_list': ['test2']}
2022-03-05 16:57:10,661 DEBUG client.py Transport ready.
2022-03-05 16:57:10,661 DEBUG transport.py Запущен процесс - приёмник собщений с сервера.
2022-03-05 16:57:10,708 DEBUG client.py Transport ready.
2022-03-05 16:57:10,708 DEBUG transport.py Запущен процесс - приёмник собщений с сервера.
2022-03-05 16:57:33,604 DEBUG transport.py Создание контакта test3
2022-03-05 16:57:34,156 DEBUG transport.py Разбор сообщения от сервера: {'response': 200}
2022-03-05 16:57:34,255 INFO main_window.py Успешно добавлен контакт <PyQt5.QtGui.QStandardItem object at 0x000001F12A5FAE50>
2022-03-05 16:57:37,202 DEBUG transport.py Запрос публичного ключа для test3
2022-03-05 16:57:38,170 DEBUG main_window.py Загружен открытый ключ для test3
2022-03-05 16:57:46,048 DEBUG transport.py Сформирован словарь сообщения: {'action': 'message', 'from': 'test2', 'to': 'test3', 'time': 1646492266.0488381, 'mess_text': 'O5n9dc3LObLVbriHPGCKTdMUfxkedJ3ttzeirazPw/C/HvC7UkwQx48E3uUDlumdcgRtqQVjf8GvORDbk/N5caW1U9V/aw064Wh/7C5bvmxxVY7juDo6dVE5/G+Lh18gD6gNlpzv4ASs4bUfalF/Delq/11jElOP1Xvzsk4qNC37YEk+GcCpzLBT5+3EuFczaFrqw4o2jxXx6A/dRXL+1SrDwGRqnVgwwPgWCSrsqnlwrWjizDMCVHN3eonLATn1D9DIjphzY5T9EXMGT19R3xLgfQSto/Rrq7cq3ybaNY3QNSo81d1nhP0akD0e58aUBzv8tgC94r5VeCRdCENtPw=='}
2022-03-05 16:57:46,306 DEBUG transport.py Разбор сообщения от сервера: {'response': 200}
2022-03-05 16:57:46,306 INFO transport.py Отправлено сообщение для пользователя test3
2022-03-05 16:57:46,379 DEBUG main_window.py Отправлено сообщение для test3: hi

2022-03-05 16:57:46,476 DEBUG transport.py Принято сообщение с сервера: {'action': 'message', 'from': 'test2', 'to': 'test3', 'time': 1646492266.0488381, 'mess_text': 'O5n9dc3LObLVbriHPGCKTdMUfxkedJ3ttzeirazPw/C/HvC7UkwQx48E3uUDlumdcgRtqQVjf8GvORDbk/N5caW1U9V/aw064Wh/7C5bvmxxVY7juDo6dVE5/G+Lh18gD6gNlpzv4ASs4bUfalF/Delq/11jElOP1Xvzsk4qNC37YEk+GcCpzLBT5+3EuFczaFrqw4o2jxXx6A/dRXL+1SrDwGRqnVgwwPgWCSrsqnlwrWjizDMCVHN3eonLATn1D9DIjphzY5T9EXMGT19R3xLgfQSto/Rrq7cq3ybaNY3QNSo81d1nhP0akD0e58aUBzv8tgC94r5VeCRdCENtPw=='}
2022-03-05 16:57:46,476 DEBUG transport.py Разбор сообщения от сервера: {'action': 'message', 'from': 'test2', 'to': 'test3', 'time': 1646492266.0488381, 'mess_text': 'O5n9dc3LObLVbriHPGCKTdMUfxkedJ3ttzeirazPw/C/HvC7UkwQx48E3uUDlumdcgRtqQVjf8GvORDbk/N5caW1U9V/aw064Wh/7C5bvmxxVY7juDo6dVE5/G+Lh18gD6gNlpzv4ASs4bUfalF/Delq/11jElOP1Xvzsk4qNC37YEk+GcCpzLBT5+3EuFczaFrqw4o2jxXx6A/dRXL+1SrDwGRqnVgwwPgWCSrsqnlwrWjizDMCVHN3eonLATn1D9DIjphzY5T9EXMGT19R3xLgfQSto/Rrq7cq3ybaNY3QNSo81d1nhP0akD0e58aUBzv8tgC94r5VeCRdCENtPw=='}
2022-03-05 16:57:46,477 DEBUG transport.py Получено сообщение от пользователя test2:O5n9dc3LObLVbriHPGCKTdMUfxkedJ3ttzeirazPw/C/HvC7UkwQx48E3uUDlumdcgRtqQVjf8GvORDbk/N5caW1U9V/aw064Wh/7C5bvmxxVY7juDo6dVE5/G+Lh18gD6gNlpzv4ASs4bUfalF/Delq/11jElOP1Xvzsk4qNC37YEk+GcCpzLBT5+3EuFczaFrqw4o2jxXx6A/dRXL+1SrDwGRqnVgwwPgWCSrsqnlwrWjizDMCVHN3eonLATn1D9DIjphzY5T9EXMGT19R3xLgfQSto/Rrq7cq3ybaNY3QNSo81d1nhP0akD0e58aUBzv8tgC94r5VeCRdCENtPw==
2022-03-05 16:57:48,930 DEBUG transport.py Запрос публичного ключа для test2
2022-03-05 16:57:49,311 DEBUG main_window.py Загружен открытый ключ для test2
2022-03-05 16:58:05,294 DEBUG transport.py Сформирован словарь сообщения: {'action': 'message', 'from': 'test3', 'to': 'test2', 'time': 1646492285.2943487, 'mess_text': 'CACIUkyWI7EEaZ+WTEGAZIs2HIa1hTTPhUSODGErQpnRWcmmztuAL/PJ8q10caVcjdoLRC6fhYnwZUDm/YIu6zi7v0E5ivIkncqF9gEFyetkbRJX9Kmdsh6mzt0vjw5Iu2DNAjS0KDIpQ+pY3he+SgYwT05l4Ia5JPu3dJsgPaTWUZ5e605ZwFVrxBl1nKOw0o0DlGt1trrv4UxvKr5epJhTjrCrw1wfQY/x4zvdYZH/sNi9gQ2GvfyRMo+PQtf95mApV2vIMf27tO1uOCFliIyhRKgcinq4AUytRWZRct5mj6k+3XLCEpCxs9CshFbtUql6krgIoUzyzyFYh8+b7A=='}
2022-03-05 16:58:05,439 DEBUG transport.py Разбор сообщения от сервера: {'response': 200}
2022-03-05 16:58:05,439 INFO transport.py Отправлено сообщение для пользователя test2
2022-03-05 16:58:05,520 DEBUG main_window.py Отправлено сообщение для test2: welcome
2022-03-05 16:58:05,977 DEBUG transport.py Принято сообщение с сервера: {'action': 'message', 'from': 'test3', 'to': 'test2', 'time': 1646492285.2943487, 'mess_text': 'CACIUkyWI7EEaZ+WTEGAZIs2HIa1hTTPhUSODGErQpnRWcmmztuAL/PJ8q10caVcjdoLRC6fhYnwZUDm/YIu6zi7v0E5ivIkncqF9gEFyetkbRJX9Kmdsh6mzt0vjw5Iu2DNAjS0KDIpQ+pY3he+SgYwT05l4Ia5JPu3dJsgPaTWUZ5e605ZwFVrxBl1nKOw0o0DlGt1trrv4UxvKr5epJhTjrCrw1wfQY/x4zvdYZH/sNi9gQ2GvfyRMo+PQtf95mApV2vIMf27tO1uOCFliIyhRKgcinq4AUytRWZRct5mj6k+3XLCEpCxs9CshFbtUql6krgIoUzyzyFYh8+b7A=='}
2022-03-05 16:58:05,977 DEBUG transport.py Разбор сообщения от сервера: {'action': 'message', 'from': 'test3', 'to': 'test2', 'time': 1646492285.2943487, 'mess_text': 'CACIUkyWI7EEaZ+WTEGAZIs2HIa1hTTPhUSODGErQpnRWcmmztuAL/PJ8q10caVcjdoLRC6fhYnwZUDm/YIu6zi7v0E5ivIkncqF9gEFyetkbRJX9Kmdsh6mzt0vjw5Iu2DNAjS0KDIpQ+pY3he+SgYwT05l4Ia5JPu3dJsgPaTWUZ5e605ZwFVrxBl1nKOw0o0DlGt1trrv4UxvKr5epJhTjrCrw1wfQY/x4zvdYZH/sNi9gQ2GvfyRMo+PQtf95mApV2vIMf27tO1uOCFliIyhRKgcinq4AUytRWZRct5mj6k+3XLCEpCxs9CshFbtUql6krgIoUzyzyFYh8+b7A=='}
2022-03-05 16:58:05,977 DEBUG transport.py Получено сообщение от пользователя test3:CACIUkyWI7EEaZ+WTEGAZIs2HIa1hTTPhUSODGErQpnRWcmmztuAL/PJ8q10caVcjdoLRC6fhYnwZUDm/YIu6zi7v0E5ivIkncqF9gEFyetkbRJX9Kmdsh6mzt0vjw5Iu2DNAjS0KDIpQ+pY3he+SgYwT05l4Ia5JPu3dJsgPaTWUZ5e605ZwFVrxBl1nKOw0o0DlGt1trrv4UxvKr5epJhTjrCrw1wfQY/x4zvdYZH/sNi9gQ2GvfyRMo+PQtf95mApV2vIMf27tO1uOCFliIyhRKgcinq4AUytRWZRct5mj6k+3XLCEpCxs9CshFbtUql6krgIoUzyzyFYh8+b7A==
2022-03-05 16:58:19,315 DEBUG transport.py Создание контакта test3
2022-03-05 16:58:19,595 DEBUG transport.py Разбор сообщения от сервера: {'response': 200}
2022-03-05 16:58:19,673 INFO main_window.py Успешно добавлен контакт <PyQt5.QtGui.QStandardItem object at 0x0000029ED70A1E50>
2022-03-05 16:58:25,241 DEBUG transport.py Запрос публичного ключа для test3
2022-03-05 16:58:25,631 DEBUG main_window.py Загружен открытый ключ для test3
2022-03-05 16:58:43,931 DEBUG transport.py Сформирован словарь сообщения: {'action': 'message', 'from': 'test1', 'to': 'test3', 'time': 1646492323.9311056, 'mess_text': 'SQnmm0H9TjMQRum2Xq3cltAcJWx/PwgU7HB0ORL5OJjti3pxi0b3GeTQ0JrGtDVL3QyCIXVwZcpER9paqj4pYVJy1MsrASQzEOVb1h3eXPyKUCkRL0UoTNuRYT52uWV0jK8XPGA24JD+vifY0bA68/gtMxaKgJ9/TxBKTPXgluV8l7izT44x2k/t4ODVxSBe3T/CBvYcu5gJ33A41yAmrvMKJLXYnB3QNSyjuLA4K7xEcJYVrGbP9TNoH/YwoCXg5YHZi93iLGwhwg0V/DXkASWLM2UmfxsOynlBM1eQypXYMPM98uSXUUxI2zQ6WeVrFBY2JSnqm9s+MX4DYuU9fQ=='}
2022-03-05 16:58:44,269 DEBUG transport.py Принято сообщение с сервера: {'action': 'message', 'from': 'test1', 'to': 'test3', 'time': 1646492323.9311056, 'mess_text': 'SQnmm0H9TjMQRum2Xq3cltAcJWx/PwgU7HB0ORL5OJjti3pxi0b3GeTQ0JrGtDVL3QyCIXVwZcpER9paqj4pYVJy1MsrASQzEOVb1h3eXPyKUCkRL0UoTNuRYT52uWV0jK8XPGA24JD+vifY0bA68/gtMxaKgJ9/TxBKTPXgluV8l7izT44x2k/t4ODVxSBe3T/CBvYcu5gJ33A41yAmrvMKJLXYnB3QNSyjuLA4K7xEcJYVrGbP9TNoH/YwoCXg5YHZi93iLGwhwg0V/DXkASWLM2UmfxsOynlBM1eQypXYMPM98uSXUUxI2zQ6WeVrFBY2JSnqm9s+MX4DYuU9fQ=='}
2022-03-05 16:58:44,270 DEBUG transport.py Разбор сообщения от сервера: {'action': 'message', 'from': 'test1', 'to': 'test3', 'time': 1646492323.9311056, 'mess_text': 'SQnmm0H9TjMQRum2Xq3cltAcJWx/PwgU7HB0ORL5OJjti3pxi0b3GeTQ0JrGtDVL3QyCIXVwZcpER9paqj4pYVJy1MsrASQzEOVb1h3eXPyKUCkRL0UoTNuRYT52uWV0jK8XPGA24JD+vifY0bA68/gtMxaKgJ9/TxBKTPXgluV8l7izT44x2k/t4ODVxSBe3T/CBvYcu5gJ33A41yAmrvMKJLXYnB3QNSyjuLA4K7xEcJYVrGbP9TNoH/YwoCXg5YHZi93iLGwhwg0V/DXkASWLM2UmfxsOynlBM1eQypXYMPM98uSXUUxI2zQ6WeVrFBY2JSnqm9s+MX4DYuU9fQ=='}
2022-03-05 16:58:44,270 DEBUG transport.py Получено сообщение от пользователя test1:SQnmm0H9TjMQRum2Xq3cltAcJWx/PwgU7HB0ORL5OJjti3pxi0b3GeTQ0JrGtDVL3QyCIXVwZcpER9paqj4pYVJy1MsrASQzEOVb1h3eXPyKUCkRL0UoTNuRYT52uWV0jK8XPGA24JD+vifY0bA68/gtMxaKgJ9/TxBKTPXgluV8l7izT44x2k/t4ODVxSBe3T/CBvYcu5gJ33A41yAmrvMKJLXYnB3QNSyjuLA4K7xEcJYVrGbP9TNoH/YwoCXg5YHZi93iLGwhwg0V/DXkASWLM2UmfxsOynlBM1eQypXYMPM98uSXUUxI2zQ6WeVrFBY2JSnqm9s+MX4DYuU9fQ==
2022-03-05 16:58:44,270 DEBUG transport.py Разбор сообщения от сервера: {'response': 200}
2022-03-05 16:58:44,271 INFO transport.py Отправлено сообщение для пользователя test3
2022-03-05 16:58:44,385 DEBUG main_window.py Отправлено сообщение для test3: я тут
2022-03-05 16:58:46,025 DEBUG transport.py Создание контакта test1
2022-03-05 16:58:46,377 DEBUG transport.py Разбор сообщения от сервера: {'response': 200}
2022-03-05 16:58:46,469 INFO main_window.py Успешно добавлен контакт <PyQt5.QtGui.QStandardItem object at 0x00000189ED511D30>
2022-03-05 16:58:47,985 DEBUG transport.py Запрос публичного ключа для test1
2022-03-05 16:58:48,381 DEBUG main_window.py Загружен открытый ключ для test1
2022-03-05 16:58:55,262 DEBUG transport.py Сформирован словарь сообщения: {'action': 'message', 'from': 'test3', 'to': 'test1', 'time': 1646492335.2623105, 'mess_text': 'UPAIJ1VVaOqyFjIN4VKgQC4R9+7U3/uGDVgXyneHAIiXhuhEWmkKfPnOW1c4JogswGqlSOJGQM00Td6FaDYkXl0/jK+nDwBFsVV6BoGQdvz8chqpIAY6Esxs/y59jJWiRmmlpy33zIPS09+ftkvkhhj5UUwXpGN+SDBaPvbZyrr/BTi/4Y85/qLRztwbCWeb8FFWGQFJml4cp8nxQXuVev51tlER10IexlNmEmI1jCRqBnIEEmjUODmTX0RmfyNZI2YCcdmwDd3TOIz1ft8pGdt8C8EQNc3M5LW+4SguOCeJcBw23pcqBosQlr8xVUg2s/d4r4TYnGMAwLKuOfO1iA=='}
2022-03-05 16:58:55,487 DEBUG transport.py Разбор сообщения от сервера: {'response': 200}
2022-03-05 16:58:55,487 INFO transport.py Отправлено сообщение для пользователя test1
2022-03-05 16:58:55,568 DEBUG main_window.py Отправлено сообщение для test1: я тоже
2022-03-05 16:58:56,355 DEBUG transport.py Принято сообщение с сервера: {'action': 'message', 'from': 'test3', 'to': 'test1', 'time': 1646492335.2623105, 'mess_text': 'UPAIJ1VVaOqyFjIN4VKgQC4R9+7U3/uGDVgXyneHAIiXhuhEWmkKfPnOW1c4JogswGqlSOJGQM00Td6FaDYkXl0/jK+nDwBFsVV6BoGQdvz8chqpIAY6Esxs/y59jJWiRmmlpy33zIPS09+ftkvkhhj5UUwXpGN+SDBaPvbZyrr/BTi/4Y85/qLRztwbCWeb8FFWGQFJml4cp8nxQXuVev51tlER10IexlNmEmI1jCRqBnIEEmjUODmTX0RmfyNZI2YCcdmwDd3TOIz1ft8pGdt8C8EQNc3M5LW+4SguOCeJcBw23pcqBosQlr8xVUg2s/d4r4TYnGMAwLKuOfO1iA=='}
2022-03-05 16:58:56,355 DEBUG transport.py Разбор сообщения от сервера: {'action': 'message', 'from': 'test3', 'to': 'test1', 'time': 1646492335.2623105, 'mess_text': 'UPAIJ1VVaOqyFjIN4VKgQC4R9+7U3/uGDVgXyneHAIiXhuhEWmkKfPnOW1c4JogswGqlSOJGQM00Td6FaDYkXl0/jK+nDwBFsVV6BoGQdvz8chqpIAY6Esxs/y59jJWiRmmlpy33zIPS09+ftkvkhhj5UUwXpGN+SDBaPvbZyrr/BTi/4Y85/qLRztwbCWeb8FFWGQFJml4cp8nxQXuVev51tlER10IexlNmEmI1jCRqBnIEEmjUODmTX0RmfyNZI2YCcdmwDd3TOIz1ft8pGdt8C8EQNc3M5LW+4SguOCeJcBw23pcqBosQlr8xVUg2s/d4r4TYnGMAwLKuOfO1iA=='}
2022-03-05 16:58:56,355 DEBUG transport.py Получено сообщение от пользователя test3:UPAIJ1VVaOqyFjIN4VKgQC4R9+7U3/uGDVgXyneHAIiXhuhEWmkKfPnOW1c4JogswGqlSOJGQM00Td6FaDYkXl0/jK+nDwBFsVV6BoGQdvz8chqpIAY6Esxs/y59jJWiRmmlpy33zIPS09+ftkvkhhj5UUwXpGN+SDBaPvbZyrr/BTi/4Y85/qLRztwbCWeb8FFWGQFJml4cp8nxQXuVev51tlER10IexlNmEmI1jCRqBnIEEmjUODmTX0RmfyNZI2YCcdmwDd3TOIz1ft8pGdt8C8EQNc3M5LW+4SguOCeJcBw23pcqBosQlr8xVUg2s/d4r4TYnGMAwLKuOfO1iA==
2022-03-05 17:09:06,688 DEBUG client.py Args loaded
2022-03-05 17:09:06,688 DEBUG client.py Args loaded
2022-03-05 17:09:06,688 DEBUG client.py Args loaded
2022-03-05 17:09:07,173 INFO client.py Запущен клиент с параметрами: адрес сервера: 127.0.0.1 , порт: 7777, имя пользователя: test1
2022-03-05 17:09:07,173 INFO client.py Запущен клиент с параметрами: адрес сервера: 127.0.0.1 , порт: 7777, имя пользователя: test3
2022-03-05 17:09:07,188 INFO client.py Запущен клиент с параметрами: адрес сервера: 127.0.0.1 , порт: 7777, имя пользователя: test2
2022-03-05 17:09:07,345 DEBUG client.py Keys successfully loaded.
2022-03-05 17:09:07,392 DEBUG client.py Keys successfully loaded.
2022-03-05 17:09:07,392 DEBUG client.py Keys successfully loaded.
2022-03-05 17:09:07,517 INFO transport.py Попытка подключения №1
2022-03-05 17:09:07,532 DEBUG transport.py Connection established.
2022-03-05 17:09:07,532 DEBUG transport.py Starting auth dialog.
2022-03-05 17:09:07,548 DEBUG transport.py Passwd hash ready: b'6c95daf460f03d00239959faac8387d157dafbe382cd684426a295cd37fbcb0e4d874cae7b07017717c8acaff862f6241d4eaeea2366f6a7b5076a8c72035cd6'
2022-03-05 17:09:07,548 DEBUG transport.py Presense message = {'action': 'presence', 'time': 1646492947.5482812, 'user': {'account_name': 'test2', 'pubkey': '-----BEGIN PUBLIC KEY-----\nMIIBIjANBgkqhkiG9w0BAQEFAAOCAQ8AMIIBCgKCAQEAtrfkZ/5Xtj72x44QP9b5\neTenYYlSJkkb6X+jL4pqATUwGcvvcxBDtRrR0j1VZzhdlUvetoA3MvecULu3jTvg\nRhcrRHQRIzgMSjNV9ZGFBqhZvQmwGJEDI72dAjLyb1e5t1fT45o2DRfA+Zgxt+N0\ntTIgV7xIQiJrkGkaTje1oXqa9a1MH3o2bMLyrnfv2FE3SKdEQK5GUy+ec0P42QUx\njQ4GG2tEVYHJHS8tiQ+Rwz2Qcubs2YeqmLiUP6ZNdRLEZxn4YN0YNsTPEYzre2qo\n/nAAuWSixjOzt8OQQoSlOjL+VcDZBTitNSmnCMtjcVeTj36J5jUsc3onQofaWf1M\npQIDAQAB\n-----END PUBLIC KEY-----'}}
2022-03-05 17:09:07,642 INFO transport.py Попытка подключения №1
2022-03-05 17:09:07,642 DEBUG transport.py Connection established.
2022-03-05 17:09:07,642 DEBUG transport.py Starting auth dialog.
2022-03-05 17:09:07,657 DEBUG transport.py Server response = {'response': 511, 'bin': 'd8b286a9b1e33491db5a328555943f8680b2d51be4dd7bd4eee49c7587726ac3aa99661876a5e2968b1d16ae88cf83ee2c1052987cfb8ea01b3f04ef273ea3bb'}.
2022-03-05 17:09:07,657 DEBUG transport.py Разбор сообщения от сервера: {'response': 200}
2022-03-05 17:09:07,657 DEBUG transport.py Запрос списка известных пользователей test2
2022-03-05 17:09:07,657 INFO transport.py Попытка подключения №1
2022-03-05 17:09:07,657 DEBUG transport.py Connection established.
2022-03-05 17:09:07,657 DEBUG transport.py Starting auth dialog.
2022-03-05 17:09:07,673 DEBUG transport.py Passwd hash ready: b'49b70501d4d72ff5522a79cf779df86656a057282ac9ab564efb80fcba4fbc484bedcf52b3fb233d9b7b91337becc542ec3256a0269deddfedbce7275f44a781'
2022-03-05 17:09:07,673 DEBUG transport.py Presense message = {'action': 'presence', 'time': 1646492947.6732879, 'user': {'account_name': 'test1', 'pubkey': '-----BEGIN PUBLIC KEY-----\nMIIBIjANBgkqhkiG9w0BAQEFAAOCAQ8AMIIBCgKCAQEAmKN/CFSxgU8eu0oO0oKw\n29WTZQSfqw/mJgEtr8nLUAOHGcg3kT7epUgPfwbo/V67sJlGhb/UD7dPK81utWRn\nFKhhUGuo+ad/4HnvbSQjIHy2Wbr85T4gJCL1IqTkodAgSOo4Nuv/Qq9r5po0dNIC\nF4YTZrzfCy6V0v349iXM2CXf+/14fHCxsm3OkNCUwHsOW6nzh5fIyAs1UhssJm/Z\nbCNzX5PkRjI7bwBJhoXHNgS1fDyII6vGrQAyAwxU0hKrBAtAzYIon5ZlIYxyF2/5\nKb8IVmLmnrvCpmtjTQ4u80Dp6YuErMCD82GzgUi50UdQoW617AmFxaKpvO7Lu+aA\nfwIDAQAB\n-----END PUBLIC KEY-----'}}
2022-03-05 17:09:07,688 DEBUG transport.py Passwd hash ready: b'f44dbf0c934a47298490571c4297202a5405bb64709cb564b08d6cfc7ec4a30dd85c6abe4fba002654cc1aba28e755901d836d7b28db2eff6bdd84c006410f3b'
2022-03-05 17:09:07,688 DEBUG transport.py Presense message = {'action': 'presence', 'time': 1646492947.688916, 'user': {'account_name': 'test3', 'pubkey': '-----BEGIN PUBLIC KEY-----\nMIIBIjANBgkqhkiG9w0BAQEFAAOCAQ8AMIIBCgKCAQEAlfWoXcHO64VeAGbVVKEb\ngFfLGpzJuPQbFuRmYYh3BQdUZYFS0J+6S/TeYnzH8t8tE499bvfoBTRaSKqRMK10\nmLYXbv5JWg0hZ37qLN2vNmAgAaJAh8qBNcHTo2ubJJM3rEf/ceXDfzCfjbjJKZ7I\nTIsVtvT77a0VN7OMM2LJ0cSvC32NjGOo+PP0Pa196hVtBKNqof+IcON1wSiY7vQX\ndHv/gKwzkaeBgWydh8bX3ANn/lY7RRezyJGPGEBnbAlU6FOXdsjRYlor29zlD736\nBs8o6b/savu6KJG2kuJk8aDEOIHDxrUWBlo5E1qI6aYvGik9qXV7170S+0b2Fg6H\n3QIDAQAB\n-----END PUBLIC KEY-----'}}
2022-03-05 17:09:07,782 DEBUG transport.py Server response = {'response': 511, 'bin': '1318641484ab2bc27bf6fda57704e7332674cbb906a16ca6be45ad8e728606f673032d075fd18b7ddc511a8462440ef84602dc322feb8a0b25214b78e7e40d8a'}.
2022-03-05 17:09:07,782 DEBUG transport.py Разбор сообщения от сервера: {'response': 200}
2022-03-05 17:09:07,782 DEBUG transport.py Запрос списка известных пользователей test1
2022-03-05 17:09:08,048 DEBUG transport.py Запрос контакт листа для пользователся Thread-1
2022-03-05 17:09:08,048 DEBUG transport.py Сформирован запрос {'action': 'get_contacts', 'time': 1646492948.0483084, 'user': 'test2'}
2022-03-05 17:09:12,001 CRITICAL transport.py Потеряно соединение с сервером.
2022-03-05 17:09:12,001 CRITICAL transport.py Потеряно соединение с сервером.
2022-03-05 17:09:12,001 DEBUG transport.py Connection error.
Traceback (most recent call last):
  File "C:\Users\Viktor\Desktop\PyQT\client\transport.py", line 121, in connection_init
    ans = get_message(self.transport)
  File "C:\Users\Viktor\Desktop\PyQT\common\decos.py", line 30, in log_saver
    ret = func_to_log(*args, **kwargs)
  File "C:\Users\Viktor\Desktop\PyQT\common\utils.py", line 17, in get_message
    encoded_response = client.recv(MAX_PACKAGE_LENGTH)
ConnectionResetError: [WinError 10054] Удаленный хост принудительно разорвал существующее подключение
2022-03-05 17:12:23,089 DEBUG client.py Args loaded
2022-03-05 17:12:23,120 DEBUG client.py Args loaded
2022-03-05 17:12:23,151 DEBUG client.py Args loaded
2022-03-05 17:12:23,635 INFO client.py Запущен клиент с параметрами: адрес сервера: 127.0.0.1 , порт: 7777, имя пользователя: test2
2022-03-05 17:12:23,635 INFO client.py Запущен клиент с параметрами: адрес сервера: 127.0.0.1 , порт: 7777, имя пользователя: test1
2022-03-05 17:12:23,635 INFO client.py Запущен клиент с параметрами: адрес сервера: 127.0.0.1 , порт: 7777, имя пользователя: test3
2022-03-05 17:12:23,854 DEBUG client.py Keys successfully loaded.
2022-03-05 17:12:23,870 DEBUG client.py Keys successfully loaded.
2022-03-05 17:12:23,870 DEBUG client.py Keys successfully loaded.
2022-03-05 17:12:24,135 INFO transport.py Попытка подключения №1
2022-03-05 17:12:24,135 DEBUG transport.py Connection established.
2022-03-05 17:12:24,135 DEBUG transport.py Starting auth dialog.
2022-03-05 17:12:24,151 DEBUG transport.py Passwd hash ready: b'6c95daf460f03d00239959faac8387d157dafbe382cd684426a295cd37fbcb0e4d874cae7b07017717c8acaff862f6241d4eaeea2366f6a7b5076a8c72035cd6'
2022-03-05 17:12:24,151 DEBUG transport.py Presense message = {'action': 'presence', 'time': 1646493144.1515746, 'user': {'account_name': 'test2', 'pubkey': '-----BEGIN PUBLIC KEY-----\nMIIBIjANBgkqhkiG9w0BAQEFAAOCAQ8AMIIBCgKCAQEAtrfkZ/5Xtj72x44QP9b5\neTenYYlSJkkb6X+jL4pqATUwGcvvcxBDtRrR0j1VZzhdlUvetoA3MvecULu3jTvg\nRhcrRHQRIzgMSjNV9ZGFBqhZvQmwGJEDI72dAjLyb1e5t1fT45o2DRfA+Zgxt+N0\ntTIgV7xIQiJrkGkaTje1oXqa9a1MH3o2bMLyrnfv2FE3SKdEQK5GUy+ec0P42QUx\njQ4GG2tEVYHJHS8tiQ+Rwz2Qcubs2YeqmLiUP6ZNdRLEZxn4YN0YNsTPEYzre2qo\n/nAAuWSixjOzt8OQQoSlOjL+VcDZBTitNSmnCMtjcVeTj36J5jUsc3onQofaWf1M\npQIDAQAB\n-----END PUBLIC KEY-----'}}
2022-03-05 17:12:24,167 INFO transport.py Попытка подключения №1
2022-03-05 17:12:24,182 DEBUG transport.py Connection established.
2022-03-05 17:12:24,182 DEBUG transport.py Starting auth dialog.
2022-03-05 17:12:24,182 DEBUG transport.py Server response = {'response': 511, 'bin': '1828d8b1ad7da273ee2d5f8f3d19172625535a2973c957ce491d0f2049732120d56d9d3e2046237db7d38f7aa135ce3fe1ce70e21ea436e7444f955b3709b017'}.
2022-03-05 17:12:24,182 DEBUG transport.py Разбор сообщения от сервера: {'response': 200}
2022-03-05 17:12:24,182 DEBUG transport.py Запрос списка известных пользователей test2
2022-03-05 17:12:24,198 DEBUG transport.py Passwd hash ready: b'49b70501d4d72ff5522a79cf779df86656a057282ac9ab564efb80fcba4fbc484bedcf52b3fb233d9b7b91337becc542ec3256a0269deddfedbce7275f44a781'
2022-03-05 17:12:24,198 DEBUG transport.py Presense message = {'action': 'presence', 'time': 1646493144.1984537, 'user': {'account_name': 'test1', 'pubkey': '-----BEGIN PUBLIC KEY-----\nMIIBIjANBgkqhkiG9w0BAQEFAAOCAQ8AMIIBCgKCAQEAmKN/CFSxgU8eu0oO0oKw\n29WTZQSfqw/mJgEtr8nLUAOHGcg3kT7epUgPfwbo/V67sJlGhb/UD7dPK81utWRn\nFKhhUGuo+ad/4HnvbSQjIHy2Wbr85T4gJCL1IqTkodAgSOo4Nuv/Qq9r5po0dNIC\nF4YTZrzfCy6V0v349iXM2CXf+/14fHCxsm3OkNCUwHsOW6nzh5fIyAs1UhssJm/Z\nbCNzX5PkRjI7bwBJhoXHNgS1fDyII6vGrQAyAwxU0hKrBAtAzYIon5ZlIYxyF2/5\nKb8IVmLmnrvCpmtjTQ4u80Dp6YuErMCD82GzgUi50UdQoW617AmFxaKpvO7Lu+aA\nfwIDAQAB\n-----END PUBLIC KEY-----'}}
2022-03-05 17:12:24,198 INFO transport.py Попытка подключения №1
2022-03-05 17:12:24,198 DEBUG transport.py Connection established.
2022-03-05 17:12:24,198 DEBUG transport.py Starting auth dialog.
2022-03-05 17:12:24,214 DEBUG transport.py Passwd hash ready: b'f44dbf0c934a47298490571c4297202a5405bb64709cb564b08d6cfc7ec4a30dd85c6abe4fba002654cc1aba28e755901d836d7b28db2eff6bdd84c006410f3b'
2022-03-05 17:12:24,214 DEBUG transport.py Presense message = {'action': 'presence', 'time': 1646493144.214079, 'user': {'account_name': 'test3', 'pubkey': '-----BEGIN PUBLIC KEY-----\nMIIBIjANBgkqhkiG9w0BAQEFAAOCAQ8AMIIBCgKCAQEAlfWoXcHO64VeAGbVVKEb\ngFfLGpzJuPQbFuRmYYh3BQdUZYFS0J+6S/TeYnzH8t8tE499bvfoBTRaSKqRMK10\nmLYXbv5JWg0hZ37qLN2vNmAgAaJAh8qBNcHTo2ubJJM3rEf/ceXDfzCfjbjJKZ7I\nTIsVtvT77a0VN7OMM2LJ0cSvC32NjGOo+PP0Pa196hVtBKNqof+IcON1wSiY7vQX\ndHv/gKwzkaeBgWydh8bX3ANn/lY7RRezyJGPGEBnbAlU6FOXdsjRYlor29zlD736\nBs8o6b/savu6KJG2kuJk8aDEOIHDxrUWBlo5E1qI6aYvGik9qXV7170S+0b2Fg6H\n3QIDAQAB\n-----END PUBLIC KEY-----'}}
2022-03-05 17:12:24,354 DEBUG transport.py Server response = {'response': 511, 'bin': '87cb8a6efdb895e82c3ce8f709055ae70b47315965debdde45dcd51195f763a9dac7e67814d133996e073ecb39bc3a0c87302b1e884fff8120b37a76ef294af4'}.
2022-03-05 17:12:24,354 DEBUG transport.py Разбор сообщения от сервера: {'response': 200}
2022-03-05 17:12:24,354 DEBUG transport.py Запрос списка известных пользователей test1
2022-03-05 17:12:24,542 DEBUG transport.py Server response = {'response': 511, 'bin': 'c15b0ffd71d100c237c5bdfb825dcd20148a7633531cb54f40d4ecc3a0cb040795eb8ac7e780c5b4e29a3e9c663534077ac120363c64663938a7e22df4cae0e8'}.
2022-03-05 17:12:24,542 DEBUG transport.py Разбор сообщения от сервера: {'response': 200}
2022-03-05 17:12:24,542 DEBUG transport.py Запрос списка известных пользователей test3
2022-03-05 17:12:24,604 DEBUG transport.py Запрос контакт листа для пользователся Thread-1
2022-03-05 17:12:24,604 DEBUG transport.py Сформирован запрос {'action': 'get_contacts', 'time': 1646493144.604751, 'user': 'test2'}
2022-03-05 17:12:25,198 DEBUG transport.py Получен ответ {'response': 202, 'data_list': ['test1', 'test3']}
2022-03-05 17:12:25,589 DEBUG client.py Transport ready.
2022-03-05 17:12:25,604 DEBUG transport.py Запущен процесс - приёмник собщений с сервера.
2022-03-05 17:12:25,651 DEBUG transport.py Запрос контакт листа для пользователся Thread-1
2022-03-05 17:12:25,651 DEBUG transport.py Сформирован запрос {'action': 'get_contacts', 'time': 1646493145.651653, 'user': 'test1'}
2022-03-05 17:12:25,698 DEBUG transport.py Получен ответ {'response': 202, 'data_list': ['test2', 'test3']}
2022-03-05 17:12:25,698 DEBUG transport.py Запрос контакт листа для пользователся Thread-1
2022-03-05 17:12:25,698 DEBUG transport.py Сформирован запрос {'action': 'get_contacts', 'time': 1646493145.6985297, 'user': 'test3'}
2022-03-05 17:12:25,917 DEBUG client.py Transport ready.
2022-03-05 17:12:25,917 DEBUG transport.py Запущен процесс - приёмник собщений с сервера.
2022-03-05 17:12:26,198 DEBUG transport.py Получен ответ {'response': 202, 'data_list': ['test2', 'test1']}
2022-03-05 17:12:26,370 DEBUG client.py Transport ready.
2022-03-05 17:12:26,370 DEBUG transport.py Запущен процесс - приёмник собщений с сервера.
2022-03-05 17:12:39,418 DEBUG transport.py Запрос публичного ключа для test1
2022-03-05 17:12:39,731 DEBUG main_window.py Загружен открытый ключ для test1
2022-03-05 17:12:53,561 DEBUG transport.py Сформирован словарь сообщения: {'action': 'message', 'from': 'test2', 'to': 'test1', 'time': 1646493173.5616987, 'mess_text': 'JF/3w5KelBR9lbMLvQ9hlTd1uNu38s2OHDbefr/cjshcTFTl4WnYbXQs0BVlrvGm3mDIccvWbITX71IeLqMPrvrUNrb6vr7MSU43liEBXt/lNrkpir2/9b1f7U93CcKra7+uyH8iX766rFIxJOxlwDrnpsdxFesNPN2OcSUQKIQva6Hh6NMCKLVb9PAPIuNL2x9z1nTS8sqJjen+4UA7DpWN3yRkwkOCx6jl3LCUYkNSd2gzJ1vsgY+N5g3bF+RYdlPvqTxj9ywQCKnTer/HwC6UiuJGOWbut9k8m3+qcEHlNSco1aXh7pVlELWBU/WeOMijXu/bb8i1ATqwCDVaGA=='}
2022-03-05 17:12:53,864 DEBUG transport.py Разбор сообщения от сервера: {'response': 200}
2022-03-05 17:12:53,865 INFO transport.py Отправлено сообщение для пользователя test1
2022-03-05 17:12:53,978 DEBUG main_window.py Отправлено сообщение для test1: тут ?
2022-03-05 17:12:54,232 DEBUG transport.py Принято сообщение с сервера: {'action': 'message', 'from': 'test2', 'to': 'test1', 'time': 1646493173.5616987, 'mess_text': 'JF/3w5KelBR9lbMLvQ9hlTd1uNu38s2OHDbefr/cjshcTFTl4WnYbXQs0BVlrvGm3mDIccvWbITX71IeLqMPrvrUNrb6vr7MSU43liEBXt/lNrkpir2/9b1f7U93CcKra7+uyH8iX766rFIxJOxlwDrnpsdxFesNPN2OcSUQKIQva6Hh6NMCKLVb9PAPIuNL2x9z1nTS8sqJjen+4UA7DpWN3yRkwkOCx6jl3LCUYkNSd2gzJ1vsgY+N5g3bF+RYdlPvqTxj9ywQCKnTer/HwC6UiuJGOWbut9k8m3+qcEHlNSco1aXh7pVlELWBU/WeOMijXu/bb8i1ATqwCDVaGA=='}
2022-03-05 17:12:54,232 DEBUG transport.py Разбор сообщения от сервера: {'action': 'message', 'from': 'test2', 'to': 'test1', 'time': 1646493173.5616987, 'mess_text': 'JF/3w5KelBR9lbMLvQ9hlTd1uNu38s2OHDbefr/cjshcTFTl4WnYbXQs0BVlrvGm3mDIccvWbITX71IeLqMPrvrUNrb6vr7MSU43liEBXt/lNrkpir2/9b1f7U93CcKra7+uyH8iX766rFIxJOxlwDrnpsdxFesNPN2OcSUQKIQva6Hh6NMCKLVb9PAPIuNL2x9z1nTS8sqJjen+4UA7DpWN3yRkwkOCx6jl3LCUYkNSd2gzJ1vsgY+N5g3bF+RYdlPvqTxj9ywQCKnTer/HwC6UiuJGOWbut9k8m3+qcEHlNSco1aXh7pVlELWBU/WeOMijXu/bb8i1ATqwCDVaGA=='}
2022-03-05 17:12:54,232 DEBUG transport.py Получено сообщение от пользователя test2:JF/3w5KelBR9lbMLvQ9hlTd1uNu38s2OHDbefr/cjshcTFTl4WnYbXQs0BVlrvGm3mDIccvWbITX71IeLqMPrvrUNrb6vr7MSU43liEBXt/lNrkpir2/9b1f7U93CcKra7+uyH8iX766rFIxJOxlwDrnpsdxFesNPN2OcSUQKIQva6Hh6NMCKLVb9PAPIuNL2x9z1nTS8sqJjen+4UA7DpWN3yRkwkOCx6jl3LCUYkNSd2gzJ1vsgY+N5g3bF+RYdlPvqTxj9ywQCKnTer/HwC6UiuJGOWbut9k8m3+qcEHlNSco1aXh7pVlELWBU/WeOMijXu/bb8i1ATqwCDVaGA==
2022-03-05 17:12:56,361 DEBUG transport.py Запрос публичного ключа для test2
2022-03-05 17:12:56,389 DEBUG main_window.py Загружен открытый ключ для test2
2022-03-05 17:13:27,389 DEBUG transport.py Запрос публичного ключа для test2
2022-03-05 17:13:27,967 DEBUG main_window.py Загружен открытый ключ для test2
2022-03-05 17:13:30,889 DEBUG transport.py Запрос публичного ключа для test3
2022-03-05 17:13:30,968 DEBUG main_window.py Загружен открытый ключ для test3
2022-03-05 17:13:34,374 DEBUG transport.py Запрос публичного ключа для test2
2022-03-05 17:13:34,468 DEBUG main_window.py Загружен открытый ключ для test2
2022-03-05 17:13:38,296 DEBUG transport.py Запрос публичного ключа для test2
2022-03-05 17:13:38,499 DEBUG main_window.py Загружен открытый ключ для test2
2022-03-05 17:13:40,493 DEBUG transport.py Запрос публичного ключа для test1
2022-03-05 17:13:41,008 DEBUG main_window.py Загружен открытый ключ для test1
2022-03-05 17:13:58,286 DEBUG transport.py Сформирован словарь сообщения: {'action': 'message', 'from': 'test1', 'to': 'test2', 'time': 1646493238.2866669, 'mess_text': 'JMmMe90xVOwE4CQvY574bVgSh1TKooS7eh1p4m95sUCz6SExIfnZBn1HBt0d87HjxJQfUfFAOCJAyDNVo71L6an4FegrXqQ8CGU/gl23fU44t8xZgZB1b8yG7xUXiVI31sU733BBfLy6j7vafz9BfZyQXLMeE6g62VU7HikOX5swTlLG5lCplxWrzSa/I2mlSS/xM5/rCFzk4iFwsaK6Duat48u2qNiKhVzlPm6vX3MlOsyufP+ODWIAkVIdmGKcTc8SvfoPp0MtDy5K6b+69kCOggdIWlO0g7XrZy0uE6GqsSZG4D/pX/lR8J9WcODMuvfThQEUK88E81WNlb14eQ=='}
2022-03-05 17:13:58,649 DEBUG transport.py Разбор сообщения от сервера: {'response': 200}
2022-03-05 17:13:58,649 INFO transport.py Отправлено сообщение для пользователя test2
2022-03-05 17:13:58,725 DEBUG main_window.py Отправлено сообщение для test2: +++
2022-03-05 17:13:59,121 DEBUG transport.py Принято сообщение с сервера: {'action': 'message', 'from': 'test1', 'to': 'test2', 'time': 1646493238.2866669, 'mess_text': 'JMmMe90xVOwE4CQvY574bVgSh1TKooS7eh1p4m95sUCz6SExIfnZBn1HBt0d87HjxJQfUfFAOCJAyDNVo71L6an4FegrXqQ8CGU/gl23fU44t8xZgZB1b8yG7xUXiVI31sU733BBfLy6j7vafz9BfZyQXLMeE6g62VU7HikOX5swTlLG5lCplxWrzSa/I2mlSS/xM5/rCFzk4iFwsaK6Duat48u2qNiKhVzlPm6vX3MlOsyufP+ODWIAkVIdmGKcTc8SvfoPp0MtDy5K6b+69kCOggdIWlO0g7XrZy0uE6GqsSZG4D/pX/lR8J9WcODMuvfThQEUK88E81WNlb14eQ=='}
2022-03-05 17:13:59,121 DEBUG transport.py Разбор сообщения от сервера: {'action': 'message', 'from': 'test1', 'to': 'test2', 'time': 1646493238.2866669, 'mess_text': 'JMmMe90xVOwE4CQvY574bVgSh1TKooS7eh1p4m95sUCz6SExIfnZBn1HBt0d87HjxJQfUfFAOCJAyDNVo71L6an4FegrXqQ8CGU/gl23fU44t8xZgZB1b8yG7xUXiVI31sU733BBfLy6j7vafz9BfZyQXLMeE6g62VU7HikOX5swTlLG5lCplxWrzSa/I2mlSS/xM5/rCFzk4iFwsaK6Duat48u2qNiKhVzlPm6vX3MlOsyufP+ODWIAkVIdmGKcTc8SvfoPp0MtDy5K6b+69kCOggdIWlO0g7XrZy0uE6GqsSZG4D/pX/lR8J9WcODMuvfThQEUK88E81WNlb14eQ=='}
2022-03-05 17:13:59,121 DEBUG transport.py Получено сообщение от пользователя test1:JMmMe90xVOwE4CQvY574bVgSh1TKooS7eh1p4m95sUCz6SExIfnZBn1HBt0d87HjxJQfUfFAOCJAyDNVo71L6an4FegrXqQ8CGU/gl23fU44t8xZgZB1b8yG7xUXiVI31sU733BBfLy6j7vafz9BfZyQXLMeE6g62VU7HikOX5swTlLG5lCplxWrzSa/I2mlSS/xM5/rCFzk4iFwsaK6Duat48u2qNiKhVzlPm6vX3MlOsyufP+ODWIAkVIdmGKcTc8SvfoPp0MtDy5K6b+69kCOggdIWlO0g7XrZy0uE6GqsSZG4D/pX/lR8J9WcODMuvfThQEUK88E81WNlb14eQ==
